# JRE version: Java(TM) SE Runtime Environment (17.0.2+8) (build 17.0.2+8-LTS-86)
# Java VM: Java HotSpot(TM) 64-Bit Server VM (17.0.2+8-LTS-86, mixed mode, emulated-client, sharing, tiered, compressed oops, compressed class ptrs, g1 gc, windows-amd64)
GC Precious Log:
 CPUs: 4 total, 4 available
 Memory: 7637M
 Large Page Support: Disabled
 NUMA Support: Disabled
 Compressed Oops: Enabled (32-bit)
 Heap Region Size: 1M
 Heap Min Capacity: 8M
 Heap Initial Capacity: 120M
 Heap Max Capacity: 1910M
 Pre-touch: Disabled
 Parallel Workers: 4
 Concurrent Workers: 1
 Concurrent Refinement Workers: 4
 Periodic GC: Disabled
Heap:
 garbage-first heap   total 34816K, used 16357K [0x0000000088a00000, 0x0000000100000000)
  region size 1024K, 5 young (5120K), 1 survivors (1024K)
 Metaspace       used 24704K, committed 25152K, reserved 1073152K
  class space    used 3324K, committed 3520K, reserved 1048576K
GC Heap History (20 events):
Event: 18096.277 GC heap before
{Heap before GC invocations=45 (full 3):
 garbage-first heap   total 34816K, used 26558K [0x0000000088a00000, 0x0000000100000000)
  region size 1024K, 14 young (14336K), 1 survivors (1024K)
 Metaspace       used 24684K, committed 25024K, reserved 1073152K
  class space    used 3318K, committed 3456K, reserved 1048576K
}
Event: 18096.278 GC heap after
{Heap after GC invocations=46 (full 3):
 garbage-first heap   total 34816K, used 13246K [0x0000000088a00000, 0x0000000100000000)
  region size 1024K, 1 young (1024K), 1 survivors (1024K)
 Metaspace       used 24684K, committed 25024K, reserved 1073152K
  class space    used 3318K, committed 3456K, reserved 1048576K
}
Event: 18239.243 GC heap before
{Heap before GC invocations=46 (full 3):
 garbage-first heap   total 34816K, used 16318K [0x0000000088a00000, 0x0000000100000000)
  region size 1024K, 5 young (5120K), 1 survivors (1024K)
 Metaspace       used 24687K, committed 25024K, reserved 1073152K
  class space    used 3319K, committed 3456K, reserved 1048576K
}
Event: 18243.542 GC heap after
{Heap after GC invocations=47 (full 4):
 garbage-first heap   total 34816K, used 9819K [0x0000000088a00000, 0x0000000100000000)
  region size 1024K, 0 young (0K), 0 survivors (0K)
 Metaspace       used 24629K, committed 25024K, reserved 1073152K
  class space    used 3307K, committed 3456K, reserved 1048576K
}
Event: 18246.444 GC heap before
{Heap before GC invocations=47 (full 4):
 garbage-first heap   total 34816K, used 29275K [0x0000000088a00000, 0x0000000100000000)
  region size 1024K, 19 young (19456K), 0 survivors (0K)
 Metaspace       used 24692K, committed 25088K, reserved 1073152K
  class space    used 3322K, committed 3456K, reserved 1048576K
}
Event: 18246.456 GC heap after
{Heap after GC invocations=48 (full 4):
 garbage-first heap   total 34816K, used 11944K [0x0000000088a00000, 0x0000000100000000)
  region size 1024K, 3 young (3072K), 3 survivors (3072K)
 Metaspace       used 24692K, committed 25088K, reserved 1073152K
  class space    used 3322K, committed 3456K, reserved 1048576K
}
Event: 18565.744 GC heap before
{Heap before GC invocations=48 (full 4):
 garbage-first heap   total 34816K, used 26280K [0x0000000088a00000, 0x0000000100000000)
  region size 1024K, 17 young (17408K), 3 survivors (3072K)
 Metaspace       used 24701K, committed 25088K, reserved 1073152K
  class space    used 3324K, committed 3456K, reserved 1048576K
}
Event: 18565.764 GC heap after
{Heap after GC invocations=49 (full 4):
 garbage-first heap   total 34816K, used 12941K [0x0000000088a00000, 0x0000000100000000)
  region size 1024K, 2 young (2048K), 2 survivors (2048K)
 Metaspace       used 24701K, committed 25088K, reserved 1073152K
  class space    used 3324K, committed 3456K, reserved 1048576K
}
Event: 19103.624 GC heap before
{Heap before GC invocations=49 (full 4):
 garbage-first heap   total 34816K, used 26253K [0x0000000088a00000, 0x0000000100000000)
  region size 1024K, 15 young (15360K), 2 survivors (2048K)
 Metaspace       used 24701K, committed 25088K, reserved 1073152K
  class space    used 3324K, committed 3456K, reserved 1048576K
}
Event: 19103.644 GC heap after
{Heap after GC invocations=50 (full 4):
 garbage-first heap   total 34816K, used 13023K [0x0000000088a00000, 0x0000000100000000)
  region size 1024K, 1 young (1024K), 1 survivors (1024K)
 Metaspace       used 24701K, committed 25088K, reserved 1073152K
  class space    used 3324K, committed 3456K, reserved 1048576K
}
Event: 19641.465 GC heap before
{Heap before GC invocations=50 (full 4):
 garbage-first heap   total 34816K, used 26335K [0x0000000088a00000, 0x0000000100000000)
  region size 1024K, 14 young (14336K), 1 survivors (1024K)
 Metaspace       used 24701K, committed 25088K, reserved 1073152K
  class space    used 3324K, committed 3456K, reserved 1048576K
}
Event: 19641.466 GC heap after
{Heap after GC invocations=51 (full 4):
 garbage-first heap   total 34816K, used 12960K [0x0000000088a00000, 0x0000000100000000)
  region size 1024K, 1 young (1024K), 1 survivors (1024K)
 Metaspace       used 24701K, committed 25088K, reserved 1073152K
  class space    used 3324K, committed 3456K, reserved 1048576K
}
Event: 20209.818 GC heap before
{Heap before GC invocations=51 (full 4):
 garbage-first heap   total 34816K, used 27296K [0x0000000088a00000, 0x0000000100000000)
  region size 1024K, 15 young (15360K), 1 survivors (1024K)
 Metaspace       used 24701K, committed 25088K, reserved 1073152K
  class space    used 3324K, committed 3456K, reserved 1048576K
}
Event: 20209.820 GC heap after
{Heap after GC invocations=52 (full 4):
 garbage-first heap   total 34816K, used 12938K [0x0000000088a00000, 0x0000000100000000)
  region size 1024K, 1 young (1024K), 1 survivors (1024K)
 Metaspace       used 24701K, committed 25088K, reserved 1073152K
  class space    used 3324K, committed 3456K, reserved 1048576K
}
Event: 20782.473 GC heap before
{Heap before GC invocations=52 (full 4):
 garbage-first heap   total 34816K, used 27274K [0x0000000088a00000, 0x0000000100000000)
  region size 1024K, 15 young (15360K), 1 survivors (1024K)
 Metaspace       used 24701K, committed 25088K, reserved 1073152K
  class space    used 3324K, committed 3456K, reserved 1048576K
}
Event: 20782.474 GC heap after
{Heap after GC invocations=53 (full 4):
 garbage-first heap   total 34816K, used 12936K [0x0000000088a00000, 0x0000000100000000)
  region size 1024K, 1 young (1024K), 1 survivors (1024K)
 Metaspace       used 24701K, committed 25088K, reserved 1073152K
  class space    used 3324K, committed 3456K, reserved 1048576K
}
Event: 21360.127 GC heap before
{Heap before GC invocations=53 (full 4):
 garbage-first heap   total 34816K, used 27272K [0x0000000088a00000, 0x0000000100000000)
  region size 1024K, 15 young (15360K), 1 survivors (1024K)
 Metaspace       used 24701K, committed 25088K, reserved 1073152K
  class space    used 3324K, committed 3456K, reserved 1048576K
}
Event: 21360.129 GC heap after
{Heap after GC invocations=54 (full 4):
 garbage-first heap   total 34816K, used 12927K [0x0000000088a00000, 0x0000000100000000)
  region size 1024K, 1 young (1024K), 1 survivors (1024K)
 Metaspace       used 24701K, committed 25088K, reserved 1073152K
  class space    used 3324K, committed 3456K, reserved 1048576K
}
Event: 21864.613 GC heap before
{Heap before GC invocations=54 (full 4):
 garbage-first heap   total 34816K, used 28287K [0x0000000088a00000, 0x0000000100000000)
  region size 1024K, 16 young (16384K), 1 survivors (1024K)
 Metaspace       used 24701K, committed 25088K, reserved 1073152K
  class space    used 3324K, committed 3456K, reserved 1048576K
}
Event: 21864.651 GC heap after
{Heap after GC invocations=55 (full 4):
 garbage-first heap   total 34816K, used 13285K [0x0000000088a00000, 0x0000000100000000)
  region size 1024K, 1 young (1024K), 1 survivors (1024K)
 Metaspace       used 24701K, committed 25088K, reserved 1073152K
  class space    used 3324K, committed 3456K, reserved 1048576K
}

